1629507914322	geckodriver	INFO	Listening on 127.0.0.1:55219
1629507915341	mozrunner::runner	INFO	Running command: "/Applications/Firefox.app/Contents/MacOS/firefox-bin" "--marionette" "-headless" "-foreground" "-no-remote" "-profile" "/var/folders/ll/46b1yh3938xggzs__ygvh5rw0000gp/T/rust_mozprofile5ICnUf"
*** You are running in headless mode.
1629507915975	Marionette	INFO	Marionette enabled
console.warn: SearchSettings: "get: No settings file exists, new profile?" (new NotFoundError("Could not open the file at /var/folders/ll/46b1yh3938xggzs__ygvh5rw0000gp/T/rust_mozprofile5ICnUf/search.json.mozlz4", (void 0)))
1629507917280	Marionette	INFO	Listening on port 55230
1629507917302	Marionette	WARN	TLS certificate errors will be ignored for this session
1629507917304	Marionette	INFO	Proxy settings initialised: {"proxyType":"manual","httpProxy":"[::ffff:7f00:1]:55218","sslProxy":"[::ffff:7f00:1]:55218"}
1629508262939	geckodriver	INFO	Listening on 127.0.0.1:55362
1629508263950	mozrunner::runner	INFO	Running command: "/Applications/Firefox.app/Contents/MacOS/firefox-bin" "--marionette" "-headless" "-foreground" "-no-remote" "-profile" "/var/folders/ll/46b1yh3938xggzs__ygvh5rw0000gp/T/rust_mozprofiletZS6H6"
*** You are running in headless mode.
1629508264381	Marionette	INFO	Marionette enabled
console.warn: SearchSettings: "get: No settings file exists, new profile?" (new NotFoundError("Could not open the file at /var/folders/ll/46b1yh3938xggzs__ygvh5rw0000gp/T/rust_mozprofiletZS6H6/search.json.mozlz4", (void 0)))
1629508265429	Marionette	INFO	Listening on port 55369
1629508265506	Marionette	WARN	TLS certificate errors will be ignored for this session
1629508265508	Marionette	INFO	Proxy settings initialised: {"proxyType":"manual","httpProxy":"[::ffff:7f00:1]:55361","sslProxy":"[::ffff:7f00:1]:55361"}
1629508366176	geckodriver	INFO	Listening on 127.0.0.1:55489
1629508366188	mozrunner::runner	INFO	Running command: "/Applications/Firefox.app/Contents/MacOS/firefox-bin" "--marionette" "-headless" "-foreground" "-no-remote" "-profile" "/var/folders/ll/46b1yh3938xggzs__ygvh5rw0000gp/T/rust_mozprofile4qi7uu"
*** You are running in headless mode.
1629508366571	Marionette	INFO	Marionette enabled
console.warn: SearchSettings: "get: No settings file exists, new profile?" (new NotFoundError("Could not open the file at /var/folders/ll/46b1yh3938xggzs__ygvh5rw0000gp/T/rust_mozprofile4qi7uu/search.json.mozlz4", (void 0)))
1629508367621	Marionette	INFO	Listening on port 55494
1629508367658	Marionette	WARN	TLS certificate errors will be ignored for this session
1629508367660	Marionette	INFO	Proxy settings initialised: {"proxyType":"manual","httpProxy":"[::ffff:7f00:1]:55488","sslProxy":"[::ffff:7f00:1]:55488"}
1629508427511	addons.xpi	ERROR	System addon update list error Error: Failed downloading XML, status: 0, reason: error
1629508485275	geckodriver	INFO	Listening on 127.0.0.1:55606
1629508486287	mozrunner::runner	INFO	Running command: "/Applications/Firefox.app/Contents/MacOS/firefox-bin" "--marionette" "-headless" "-foreground" "-no-remote" "-profile" "/var/folders/ll/46b1yh3938xggzs__ygvh5rw0000gp/T/rust_mozprofileeEzZT5"
*** You are running in headless mode.
1629508486598	Marionette	INFO	Marionette enabled
console.warn: SearchSettings: "get: No settings file exists, new profile?" (new NotFoundError("Could not open the file at /var/folders/ll/46b1yh3938xggzs__ygvh5rw0000gp/T/rust_mozprofileeEzZT5/search.json.mozlz4", (void 0)))
1629508487612	Marionette	INFO	Listening on port 55613
1629508487638	Marionette	WARN	TLS certificate errors will be ignored for this session
1629508487640	Marionette	INFO	Proxy settings initialised: {"proxyType":"manual","httpProxy":"[::ffff:7f00:1]:55605","sslProxy":"[::ffff:7f00:1]:55605"}
1629508507889	geckodriver	INFO	Listening on 127.0.0.1:55705
1629508508901	mozrunner::runner	INFO	Running command: "/Applications/Firefox.app/Contents/MacOS/firefox-bin" "--marionette" "-headless" "-foreground" "-no-remote" "-profile" "/var/folders/ll/46b1yh3938xggzs__ygvh5rw0000gp/T/rust_mozprofileOPANPG"
*** You are running in headless mode.
1629508509264	Marionette	INFO	Marionette enabled
console.warn: SearchSettings: "get: No settings file exists, new profile?" (new NotFoundError("Could not open the file at /var/folders/ll/46b1yh3938xggzs__ygvh5rw0000gp/T/rust_mozprofileOPANPG/search.json.mozlz4", (void 0)))
1629508510266	Marionette	INFO	Listening on port 55714
1629508510357	Marionette	WARN	TLS certificate errors will be ignored for this session
1629508510359	Marionette	INFO	Proxy settings initialised: {"proxyType":"manual","httpProxy":"[::ffff:7f00:1]:55704","sslProxy":"[::ffff:7f00:1]:55704"}
1629508586768	geckodriver	INFO	Listening on 127.0.0.1:55811
1629508587781	mozrunner::runner	INFO	Running command: "/Applications/Firefox.app/Contents/MacOS/firefox-bin" "--marionette" "-headless" "-foreground" "-no-remote" "-profile" "/var/folders/ll/46b1yh3938xggzs__ygvh5rw0000gp/T/rust_mozprofilepcPsvN"
*** You are running in headless mode.
1629508588107	Marionette	INFO	Marionette enabled
console.warn: SearchSettings: "get: No settings file exists, new profile?" (new NotFoundError("Could not open the file at /var/folders/ll/46b1yh3938xggzs__ygvh5rw0000gp/T/rust_mozprofilepcPsvN/search.json.mozlz4", (void 0)))
1629508589136	Marionette	INFO	Listening on port 55819
1629508589228	Marionette	WARN	TLS certificate errors will be ignored for this session
1629508589231	Marionette	INFO	Proxy settings initialised: {"proxyType":"manual","httpProxy":"[::ffff:7f00:1]:55810","sslProxy":"[::ffff:7f00:1]:55810"}
1629508775670	addons.xpi	ERROR	System addon update list error Error: Failed downloading XML, status: 0, reason: error
1629508877863	addons.xpi	ERROR	System addon update list error Error: Failed downloading XML, status: 0, reason: error
1629508998129	addons.xpi	ERROR	System addon update list error Error: Failed downloading XML, status: 0, reason: error
1629509020295	addons.xpi	ERROR	System addon update list error Error: Failed downloading XML, status: 0, reason: error
1629509052285	geckodriver	INFO	Listening on 127.0.0.1:56006
1629509053303	mozrunner::runner	INFO	Running command: "/Applications/Firefox.app/Contents/MacOS/firefox-bin" "--marionette" "-headless" "-foreground" "-no-remote" "-profile" "/var/folders/ll/46b1yh3938xggzs__ygvh5rw0000gp/T/rust_mozprofilepfDJOY"
*** You are running in headless mode.
1629509053750	Marionette	INFO	Marionette enabled
console.warn: SearchSettings: "get: No settings file exists, new profile?" (new NotFoundError("Could not open the file at /var/folders/ll/46b1yh3938xggzs__ygvh5rw0000gp/T/rust_mozprofilepfDJOY/search.json.mozlz4", (void 0)))
1629509054926	Marionette	INFO	Listening on port 56014
1629509054976	Marionette	WARN	TLS certificate errors will be ignored for this session
1629509054978	Marionette	INFO	Proxy settings initialised: {"proxyType":"manual","httpProxy":"[::ffff:7f00:1]:56005","sslProxy":"[::ffff:7f00:1]:56005"}
1629509099648	addons.xpi	ERROR	System addon update list error Error: Failed downloading XML, status: 0, reason: error
1629509565032	addons.xpi	ERROR	System addon update list error Error: Failed downloading XML, status: 0, reason: error
1629747679041	addons.xpi	ERROR	System addon update list error Error: Failed downloading XML, status: 0, reason: error
1629748027855	addons.xpi	ERROR	System addon update list error Error: Failed downloading XML, status: 0, reason: error
1629748129542	addons.xpi	ERROR	System addon update list error Error: Failed downloading XML, status: 0, reason: error
1629748250071	addons.xpi	ERROR	System addon update list error Error: Failed downloading XML, status: 0, reason: error
1629748272476	addons.xpi	ERROR	System addon update list error Error: Failed downloading XML, status: 0, reason: error
1629748351076	addons.xpi	ERROR	System addon update list error Error: Failed downloading XML, status: 0, reason: error
1629749315760	addons.xpi	ERROR	System addon update list error Error: Failed downloading XML, status: 0, reason: error
1629765566336	geckodriver	INFO	Listening on 127.0.0.1:61774
1629765567258	mozrunner::runner	INFO	Running command: "/Applications/Firefox.app/Contents/MacOS/firefox-bin" "--marionette" "-headless" "-foreground" "-no-remote" "-profile" "/var/folders/ll/46b1yh3938xggzs__ygvh5rw0000gp/T/rust_mozprofilel8OJaM"
*** You are running in headless mode.
1629765570768	Marionette	INFO	Marionette enabled
console.warn: SearchSettings: "get: No settings file exists, new profile?" (new NotFoundError("Could not open the file at /var/folders/ll/46b1yh3938xggzs__ygvh5rw0000gp/T/rust_mozprofilel8OJaM/search.json.mozlz4", (void 0)))
1629765572269	Marionette	INFO	Listening on port 61782
1629765572344	Marionette	WARN	TLS certificate errors will be ignored for this session
1629765572348	Marionette	INFO	Proxy settings initialised: {"proxyType":"manual","httpProxy":"[::ffff:7f00:1]:61773","sslProxy":"[::ffff:7f00:1]:61773"}
1629766082041	addons.xpi	ERROR	System addon update list error Error: Failed downloading XML, status: 0, reason: error
1629769836038	geckodriver	INFO	Listening on 127.0.0.1:62506
1629769837054	mozrunner::runner	INFO	Running command: "/Applications/Firefox.app/Contents/MacOS/firefox-bin" "--marionette" "-headless" "-foreground" "-no-remote" "-profile" "/var/folders/ll/46b1yh3938xggzs__ygvh5rw0000gp/T/rust_mozprofileUeBVK0"
*** You are running in headless mode.
1629769837425	Marionette	INFO	Marionette enabled
console.warn: SearchSettings: "get: No settings file exists, new profile?" (new NotFoundError("Could not open the file at /var/folders/ll/46b1yh3938xggzs__ygvh5rw0000gp/T/rust_mozprofileUeBVK0/search.json.mozlz4", (void 0)))
1629769838576	Marionette	INFO	Listening on port 62513
1629769838623	Marionette	WARN	TLS certificate errors will be ignored for this session
1629769838628	Marionette	INFO	Proxy settings initialised: {"proxyType":"manual","httpProxy":"[::ffff:7f00:1]:62505","sslProxy":"[::ffff:7f00:1]:62505"}
1629769852295	geckodriver	INFO	Listening on 127.0.0.1:62597
1629769852307	mozrunner::runner	INFO	Running command: "/Applications/Firefox.app/Contents/MacOS/firefox-bin" "--marionette" "-headless" "-foreground" "-no-remote" "-profile" "/var/folders/ll/46b1yh3938xggzs__ygvh5rw0000gp/T/rust_mozprofilehITex7"
*** You are running in headless mode.
1629769852668	Marionette	INFO	Marionette enabled
console.warn: SearchSettings: "get: No settings file exists, new profile?" (new NotFoundError("Could not open the file at /var/folders/ll/46b1yh3938xggzs__ygvh5rw0000gp/T/rust_mozprofilehITex7/search.json.mozlz4", (void 0)))
1629769853902	Marionette	INFO	Listening on port 62602
1629769853972	Marionette	WARN	TLS certificate errors will be ignored for this session
1629769853974	Marionette	INFO	Proxy settings initialised: {"proxyType":"manual","httpProxy":"[::ffff:7f00:1]:62596","sslProxy":"[::ffff:7f00:1]:62596"}
1629770348697	addons.xpi	ERROR	System addon update list error Error: Failed downloading XML, status: 0, reason: error
1629770364201	addons.xpi	ERROR	System addon update list error Error: Failed downloading XML, status: 0, reason: error
1629771320302	geckodriver	INFO	Listening on 127.0.0.1:63282
1629771321318	mozrunner::runner	INFO	Running command: "/Applications/Firefox.app/Contents/MacOS/firefox-bin" "--marionette" "-headless" "-foreground" "-no-remote" "-profile" "/var/folders/ll/46b1yh3938xggzs__ygvh5rw0000gp/T/rust_mozprofileClBOXb"
*** You are running in headless mode.
1629771321680	Marionette	INFO	Marionette enabled
console.warn: SearchSettings: "get: No settings file exists, new profile?" (new NotFoundError("Could not open the file at /var/folders/ll/46b1yh3938xggzs__ygvh5rw0000gp/T/rust_mozprofileClBOXb/search.json.mozlz4", (void 0)))
1629771322956	Marionette	INFO	Listening on port 63289
1629771322989	Marionette	WARN	TLS certificate errors will be ignored for this session
1629771322996	Marionette	INFO	Proxy settings initialised: {"proxyType":"manual","httpProxy":"[::ffff:7f00:1]:63281","sslProxy":"[::ffff:7f00:1]:63281"}
1629771399949	geckodriver	INFO	Listening on 127.0.0.1:63402
1629771400962	mozrunner::runner	INFO	Running command: "/Applications/Firefox.app/Contents/MacOS/firefox-bin" "--marionette" "-headless" "-foreground" "-no-remote" "-profile" "/var/folders/ll/46b1yh3938xggzs__ygvh5rw0000gp/T/rust_mozprofileokG1lO"
*** You are running in headless mode.
1629771401337	Marionette	INFO	Marionette enabled
console.warn: SearchSettings: "get: No settings file exists, new profile?" (new NotFoundError("Could not open the file at /var/folders/ll/46b1yh3938xggzs__ygvh5rw0000gp/T/rust_mozprofileokG1lO/search.json.mozlz4", (void 0)))
1629771402507	Marionette	INFO	Listening on port 63409
1629771402540	Marionette	WARN	TLS certificate errors will be ignored for this session
1629771402543	Marionette	INFO	Proxy settings initialised: {"proxyType":"manual","httpProxy":"[::ffff:7f00:1]:63401","sslProxy":"[::ffff:7f00:1]:63401"}
1629771495253	geckodriver	INFO	Listening on 127.0.0.1:63525
1629771496264	mozrunner::runner	INFO	Running command: "/Applications/Firefox.app/Contents/MacOS/firefox-bin" "--marionette" "-headless" "-foreground" "-no-remote" "-profile" "/var/folders/ll/46b1yh3938xggzs__ygvh5rw0000gp/T/rust_mozprofilembfR6y"
*** You are running in headless mode.
1629771496635	Marionette	INFO	Marionette enabled
console.warn: SearchSettings: "get: No settings file exists, new profile?" (new NotFoundError("Could not open the file at /var/folders/ll/46b1yh3938xggzs__ygvh5rw0000gp/T/rust_mozprofilembfR6y/search.json.mozlz4", (void 0)))
1629771497908	Marionette	INFO	Listening on port 63532
1629771497933	Marionette	WARN	TLS certificate errors will be ignored for this session
1629771497937	Marionette	INFO	Proxy settings initialised: {"proxyType":"manual","httpProxy":"[::ffff:7f00:1]:63524","sslProxy":"[::ffff:7f00:1]:63524"}
1629771832949	addons.xpi	ERROR	System addon update list error Error: Failed downloading XML, status: 0, reason: error
1629771912360	addons.xpi	ERROR	System addon update list error Error: Failed downloading XML, status: 0, reason: error
1629772007664	addons.xpi	ERROR	System addon update list error Error: Failed downloading XML, status: 0, reason: error
1629775847068	geckodriver	INFO	Listening on 127.0.0.1:64970
1629775848084	mozrunner::runner	INFO	Running command: "/Applications/Firefox.app/Contents/MacOS/firefox-bin" "--marionette" "-headless" "-foreground" "-no-remote" "-profile" "/var/folders/ll/46b1yh3938xggzs__ygvh5rw0000gp/T/rust_mozprofilemzSUT1"
*** You are running in headless mode.
1629775848446	Marionette	INFO	Marionette enabled
console.warn: SearchSettings: "get: No settings file exists, new profile?" (new NotFoundError("Could not open the file at /var/folders/ll/46b1yh3938xggzs__ygvh5rw0000gp/T/rust_mozprofilemzSUT1/search.json.mozlz4", (void 0)))
1629775849618	Marionette	INFO	Listening on port 64977
1629775849655	Marionette	WARN	TLS certificate errors will be ignored for this session
1629775849658	Marionette	INFO	Proxy settings initialised: {"proxyType":"manual","httpProxy":"[::ffff:7f00:1]:64969","sslProxy":"[::ffff:7f00:1]:64969"}
1629776037217	geckodriver	INFO	Listening on 127.0.0.1:65135
1629776037229	mozrunner::runner	INFO	Running command: "/Applications/Firefox.app/Contents/MacOS/firefox-bin" "--marionette" "-headless" "-foreground" "-no-remote" "-profile" "/var/folders/ll/46b1yh3938xggzs__ygvh5rw0000gp/T/rust_mozprofile7CJiOz"
*** You are running in headless mode.
1629776037588	Marionette	INFO	Marionette enabled
console.warn: SearchSettings: "get: No settings file exists, new profile?" (new NotFoundError("Could not open the file at /var/folders/ll/46b1yh3938xggzs__ygvh5rw0000gp/T/rust_mozprofile7CJiOz/search.json.mozlz4", (void 0)))
1629776038713	Marionette	INFO	Listening on port 65140
1629776038798	Marionette	WARN	TLS certificate errors will be ignored for this session
1629776038801	Marionette	INFO	Proxy settings initialised: {"proxyType":"manual","httpProxy":"[::ffff:7f00:1]:65134","sslProxy":"[::ffff:7f00:1]:65134"}
1629776116396	geckodriver	INFO	Listening on 127.0.0.1:65254
1629776116409	mozrunner::runner	INFO	Running command: "/Applications/Firefox.app/Contents/MacOS/firefox-bin" "--marionette" "-headless" "-foreground" "-no-remote" "-profile" "/var/folders/ll/46b1yh3938xggzs__ygvh5rw0000gp/T/rust_mozprofilej6XzPf"
*** You are running in headless mode.
1629776116763	Marionette	INFO	Marionette enabled
console.warn: SearchSettings: "get: No settings file exists, new profile?" (new NotFoundError("Could not open the file at /var/folders/ll/46b1yh3938xggzs__ygvh5rw0000gp/T/rust_mozprofilej6XzPf/search.json.mozlz4", (void 0)))
1629776117866	Marionette	INFO	Listening on port 65259
1629776117979	Marionette	WARN	TLS certificate errors will be ignored for this session
1629776117982	Marionette	INFO	Proxy settings initialised: {"proxyType":"manual","httpProxy":"[::ffff:7f00:1]:65253","sslProxy":"[::ffff:7f00:1]:65253"}
1629819583966	addons.xpi	ERROR	System addon update list error Error: Failed downloading XML, status: 0, reason: error
JavaScript error: , line 0: uncaught exception: null
JavaScript error: , line 0: uncaught exception: null
JavaScript error: , line 0: uncaught exception: null
1629831821087	addons.xpi	ERROR	System addon update list error Error: Failed downloading XML, status: 0, reason: error
JavaScript error: , line 0: uncaught exception: null
1629831900285	addons.xpi	ERROR	System addon update list error Error: Failed downloading XML, status: 0, reason: error
JavaScript error: , line 0: uncaught exception: null
JavaScript error: , line 0: uncaught exception: null
JavaScript error: , line 0: uncaught exception: null
JavaScript error: , line 0: uncaught exception: null
JavaScript error: , line 0: uncaught exception: null
JavaScript error: , line 0: uncaught exception: null
JavaScript error: , line 0: uncaught exception: null
JavaScript error: , line 0: uncaught exception: null
JavaScript error: , line 0: uncaught exception: null
JavaScript error: , line 0: uncaught exception: null
JavaScript error: , line 0: uncaught exception: null
JavaScript error: , line 0: uncaught exception: null
1629832789941	geckodriver	INFO	Listening on 127.0.0.1:50191
1629832790959	mozrunner::runner	INFO	Running command: "/Applications/Firefox.app/Contents/MacOS/firefox-bin" "--marionette" "-headless" "-foreground" "-no-remote" "-profile" "/var/folders/ll/46b1yh3938xggzs__ygvh5rw0000gp/T/rust_mozprofileGeT3rM"
*** You are running in headless mode.
1629832791444	Marionette	INFO	Marionette enabled
console.warn: SearchSettings: "get: No settings file exists, new profile?" (new NotFoundError("Could not open the file at /var/folders/ll/46b1yh3938xggzs__ygvh5rw0000gp/T/rust_mozprofileGeT3rM/search.json.mozlz4", (void 0)))
1629832792780	Marionette	INFO	Listening on port 50198
1629832792821	Marionette	WARN	TLS certificate errors will be ignored for this session
1629832792824	Marionette	INFO	Proxy settings initialised: {"proxyType":"manual","httpProxy":"[::ffff:7f00:1]:50190","sslProxy":"[::ffff:7f00:1]:50190"}
JavaScript error: , line 0: uncaught exception: null
JavaScript error: , line 0: uncaught exception: null
JavaScript error: , line 0: uncaught exception: null
JavaScript error: , line 0: uncaught exception: null
JavaScript error: , line 0: uncaught exception: null
JavaScript error: , line 0: uncaught exception: null
JavaScript error: , line 0: uncaught exception: null
console.log: WebExtensions: reset-default-search: starting.
console.log: WebExtensions: reset-default-search: No addons in our list are installed.
JavaScript error: , line 0: uncaught exception: null
JavaScript error: , line 0: uncaught exception: null
JavaScript error: , line 0: uncaught exception: null
1629833530446	geckodriver	INFO	Listening on 127.0.0.1:50974
1629833531462	mozrunner::runner	INFO	Running command: "/Applications/Firefox.app/Contents/MacOS/firefox-bin" "--marionette" "-headless" "-foreground" "-no-remote" "-profile" "/var/folders/ll/46b1yh3938xggzs__ygvh5rw0000gp/T/rust_mozprofilenw79a1"
*** You are running in headless mode.
1629833531867	Marionette	INFO	Marionette enabled
console.warn: SearchSettings: "get: No settings file exists, new profile?" (new NotFoundError("Could not open the file at /var/folders/ll/46b1yh3938xggzs__ygvh5rw0000gp/T/rust_mozprofilenw79a1/search.json.mozlz4", (void 0)))
1629833533034	Marionette	INFO	Listening on port 50981
1629833533124	Marionette	WARN	TLS certificate errors will be ignored for this session
1629833533127	Marionette	INFO	Proxy settings initialised: {"proxyType":"manual","httpProxy":"[::ffff:7f00:1]:50973","sslProxy":"[::ffff:7f00:1]:50973"}
JavaScript error: , line 0: uncaught exception: null
JavaScript error: , line 0: uncaught exception: null
1629833752819	geckodriver	INFO	Listening on 127.0.0.1:51588
1629833753833	mozrunner::runner	INFO	Running command: "/Applications/Firefox.app/Contents/MacOS/firefox-bin" "--marionette" "-headless" "-foreground" "-no-remote" "-profile" "/var/folders/ll/46b1yh3938xggzs__ygvh5rw0000gp/T/rust_mozprofilesciKEZ"
*** You are running in headless mode.
1629833754200	Marionette	INFO	Marionette enabled
console.warn: SearchSettings: "get: No settings file exists, new profile?" (new NotFoundError("Could not open the file at /var/folders/ll/46b1yh3938xggzs__ygvh5rw0000gp/T/rust_mozprofilesciKEZ/search.json.mozlz4", (void 0)))
1629833755368	Marionette	INFO	Listening on port 51595
1629833755400	Marionette	WARN	TLS certificate errors will be ignored for this session
1629833755402	Marionette	INFO	Proxy settings initialised: {"proxyType":"manual","httpProxy":"[::ffff:7f00:1]:51587","sslProxy":"[::ffff:7f00:1]:51587"}
JavaScript error: , line 0: uncaught exception: null
JavaScript error: , line 0: uncaught exception: null
JavaScript error: , line 0: uncaught exception: null
JavaScript error: , line 0: uncaught exception: null
1629834043125	addons.xpi	ERROR	System addon update list error Error: Failed downloading XML, status: 0, reason: error
1629834096201	geckodriver	INFO	Listening on 127.0.0.1:52494
1629834096217	mozrunner::runner	INFO	Running command: "/Applications/Firefox.app/Contents/MacOS/firefox-bin" "--marionette" "-headless" "-foreground" "-no-remote" "-profile" "/var/folders/ll/46b1yh3938xggzs__ygvh5rw0000gp/T/rust_mozprofileHG27iy"
*** You are running in headless mode.
1629834096631	Marionette	INFO	Marionette enabled
console.warn: SearchSettings: "get: No settings file exists, new profile?" (new NotFoundError("Could not open the file at /var/folders/ll/46b1yh3938xggzs__ygvh5rw0000gp/T/rust_mozprofileHG27iy/search.json.mozlz4", (void 0)))
1629834097848	Marionette	INFO	Listening on port 52499
1629834097895	Marionette	WARN	TLS certificate errors will be ignored for this session
1629834097898	Marionette	INFO	Proxy settings initialised: {"proxyType":"manual","httpProxy":"[::ffff:7f00:1]:52493","sslProxy":"[::ffff:7f00:1]:52493"}
JavaScript error: , line 0: uncaught exception: null
JavaScript error: , line 0: uncaught exception: null
JavaScript error: , line 0: uncaught exception: null
1629834265236	addons.xpi	ERROR	System addon update list error Error: Failed downloading XML, status: 0, reason: error
JavaScript error: , line 0: uncaught exception: null
1629834318590	addons.xpi	ERROR	System addon update list error Error: Failed downloading XML, status: 0, reason: error
JavaScript error: , line 0: uncaught exception: null
JavaScript error: , line 0: uncaught exception: null
JavaScript error: , line 0: uncaught exception: null
JavaScript error: , line 0: uncaught exception: null
1629834580384	geckodriver	INFO	Listening on 127.0.0.1:53587
1629834580396	mozrunner::runner	INFO	Running command: "/Applications/Firefox.app/Contents/MacOS/firefox-bin" "--marionette" "-headless" "-foreground" "-no-remote" "-profile" "/var/folders/ll/46b1yh3938xggzs__ygvh5rw0000gp/T/rust_mozprofileQK9Og6"
*** You are running in headless mode.
1629834580774	Marionette	INFO	Marionette enabled
console.warn: SearchSettings: "get: No settings file exists, new profile?" (new NotFoundError("Could not open the file at /var/folders/ll/46b1yh3938xggzs__ygvh5rw0000gp/T/rust_mozprofileQK9Og6/search.json.mozlz4", (void 0)))
1629834581925	Marionette	INFO	Listening on port 53592
1629834581971	Marionette	WARN	TLS certificate errors will be ignored for this session
1629834581974	Marionette	INFO	Proxy settings initialised: {"proxyType":"manual","httpProxy":"[::ffff:7f00:1]:53586","sslProxy":"[::ffff:7f00:1]:53586"}
1629834607911	addons.xpi	ERROR	System addon update list error Error: Failed downloading XML, status: 0, reason: error
1629834667177	addons.xpi	ERROR	System addon update list error Error: Failed downloading XML, status: 0, reason: error
JavaScript error: , line 0: uncaught exception: null
JavaScript error: , line 0: uncaught exception: null
1629834770613	addons.xpi	ERROR	System addon update list error Error: Failed downloading XML, status: 0, reason: error
JavaScript error: , line 0: uncaught exception: null
JavaScript error: , line 0: uncaught exception: null
1629834890391	addons.xpi	ERROR	System addon update list error Error: Failed downloading XML, status: 0, reason: error
1629834912052	addons.xpi	ERROR	System addon update list error Error: Failed downloading XML, status: 0, reason: error
1629834990905	addons.xpi	ERROR	System addon update list error Error: Failed downloading XML, status: 0, reason: error
JavaScript error: , line 0: uncaught exception: null
JavaScript error: , line 0: uncaught exception: null
JavaScript error: , line 0: uncaught exception: null
1629835092053	addons.xpi	ERROR	System addon update list error Error: Failed downloading XML, status: 0, reason: error
JavaScript error: , line 0: uncaught exception: null
JavaScript error: , line 0: uncaught exception: null
JavaScript error: , line 0: uncaught exception: null
JavaScript error: , line 0: uncaught exception: null
JavaScript error: , line 0: uncaught exception: null
JavaScript error: , line 0: uncaught exception: null
JavaScript error: , line 0: uncaught exception: null
1629835682256	geckodriver	INFO	Listening on 127.0.0.1:54762
1629835682271	mozrunner::runner	INFO	Running command: "/Applications/Firefox.app/Contents/MacOS/firefox-bin" "--marionette" "-headless" "-foreground" "-no-remote" "-profile" "/var/folders/ll/46b1yh3938xggzs__ygvh5rw0000gp/T/rust_mozprofile3BShFF"
*** You are running in headless mode.
1629835682657	Marionette	INFO	Marionette enabled
console.warn: SearchSettings: "get: No settings file exists, new profile?" (new NotFoundError("Could not open the file at /var/folders/ll/46b1yh3938xggzs__ygvh5rw0000gp/T/rust_mozprofile3BShFF/search.json.mozlz4", (void 0)))
1629835683783	Marionette	INFO	Listening on port 54767
1629835683839	Marionette	WARN	TLS certificate errors will be ignored for this session
1629835683843	Marionette	INFO	Proxy settings initialised: {"proxyType":"manual","httpProxy":"[::ffff:7f00:1]:54761","sslProxy":"[::ffff:7f00:1]:54761"}
JavaScript error: , line 0: uncaught exception: null
1629835715774	geckodriver	INFO	Listening on 127.0.0.1:54865
1629835715790	mozrunner::runner	INFO	Running command: "/Applications/Firefox.app/Contents/MacOS/firefox-bin" "--marionette" "-headless" "-foreground" "-no-remote" "-profile" "/var/folders/ll/46b1yh3938xggzs__ygvh5rw0000gp/T/rust_mozprofilee7tWTD"
*** You are running in headless mode.
1629835716156	Marionette	INFO	Marionette enabled
console.warn: SearchSettings: "get: No settings file exists, new profile?" (new NotFoundError("Could not open the file at /var/folders/ll/46b1yh3938xggzs__ygvh5rw0000gp/T/rust_mozprofilee7tWTD/search.json.mozlz4", (void 0)))
1629835717275	Marionette	INFO	Listening on port 54870
1629835717361	Marionette	WARN	TLS certificate errors will be ignored for this session
1629835717364	Marionette	INFO	Proxy settings initialised: {"proxyType":"manual","httpProxy":"[::ffff:7f00:1]:54864","sslProxy":"[::ffff:7f00:1]:54864"}
1629835738678	geckodriver	INFO	Listening on 127.0.0.1:54983
1629835739695	mozrunner::runner	INFO	Running command: "/Applications/Firefox.app/Contents/MacOS/firefox-bin" "--marionette" "-headless" "-foreground" "-no-remote" "-profile" "/var/folders/ll/46b1yh3938xggzs__ygvh5rw0000gp/T/rust_mozprofilessbRvK"
*** You are running in headless mode.
1629835740069	Marionette	INFO	Marionette enabled
console.warn: SearchSettings: "get: No settings file exists, new profile?" (new NotFoundError("Could not open the file at /var/folders/ll/46b1yh3938xggzs__ygvh5rw0000gp/T/rust_mozprofilessbRvK/search.json.mozlz4", (void 0)))
1629835741219	Marionette	INFO	Listening on port 54990
1629835741265	Marionette	WARN	TLS certificate errors will be ignored for this session
1629835741269	Marionette	INFO	Proxy settings initialised: {"proxyType":"manual","httpProxy":"[::ffff:7f00:1]:54982","sslProxy":"[::ffff:7f00:1]:54982"}
JavaScript error: , line 0: uncaught exception: null
